<?xml version="1.0" encoding="UTF-8"?>
<!-- Generated by org.testng.reporters.JUnitReportReporter -->
<testsuite hostname="Narendra" failures="0" tests="2" name="Default.Login" time="12.048" errors="0" timestamp="2022-02-12T09:09:28 IST" skipped="0">
  <testcase classname="Default.Login" name="open" time="7.298"/>
  <system-out/>
  <testcase classname="Default.Login" name="login" time="4.750"/>
  <system-out/>
</testsuite> <!-- Default.Login -->
