<?xml version="1.0" encoding="UTF-8"?>
<!-- Generated by org.testng.reporters.JUnitReportReporter -->
<testsuite hostname="Narendra" failures="0" tests="1" name="YouTube.Excel" time="0.465" errors="0" timestamp="2022-02-15T14:41:22 IST" skipped="0">
  <testcase classname="YouTube.Excel" name="read" time="0.465"/>
  <system-out/>
</testsuite> <!-- YouTube.Excel -->
