<?xml version="1.0" encoding="UTF-8"?>
<!-- Generated by org.testng.reporters.JUnitReportReporter -->
<testsuite hostname="Narendra" failures="0" tests="1" name="Assignment2.Amazon" time="2.539" errors="0" timestamp="2022-02-25T20:50:54 IST" skipped="0">
  <testcase classname="Assignment2.Amazon" name="login" time="2.539"/>
  <system-out/>
</testsuite> <!-- Assignment2.Amazon -->
