<?xml version="1.0" encoding="UTF-8"?>
<!-- Generated by org.testng.reporters.JUnitReportReporter -->
<testsuite hostname="Narendra" failures="0" tests="4" name="Yt.Search" time="33.378" errors="0" timestamp="2022-03-04T12:30:50 IST" skipped="0">
  <testcase classname="Yt.Search" name="clickAdmin" time="2.938"/>
  <system-out/>
  <testcase classname="Yt.Search" name="addUser" time="8.486"/>
  <system-out/>
  <testcase classname="Yt.Search" name="searchUser" time="14.429"/>
  <system-out/>
  <testcase classname="Yt.Search" name="editUser" time="7.525"/>
  <system-out/>
</testsuite> <!-- Yt.Search -->
