<?xml version="1.0" encoding="UTF-8"?>
<!-- Generated by org.testng.reporters.JUnitReportReporter -->
<testsuite hostname="Narendra" failures="0" tests="1" name="Yt.Play" time="9.649" errors="0" timestamp="2022-03-04T12:30:50 IST" skipped="0">
  <testcase classname="Yt.Play" name="loginOhrm" time="9.649"/>
  <system-out/>
</testsuite> <!-- Yt.Play -->
