<?xml version="1.0" encoding="UTF-8"?>
<!-- Generated by org.testng.reporters.JUnitReportReporter -->
<testsuite hostname="Narendra" failures="0" tests="1" name="AssignmentConfig.Excel" time="0.919" errors="0" timestamp="2022-02-22T23:32:18 IST" skipped="0">
  <testcase classname="AssignmentConfig.Excel" name="read" time="0.919"/>
  <system-out/>
</testsuite> <!-- AssignmentConfig.Excel -->
