<?xml version="1.0" encoding="UTF-8"?>
<!-- Generated by org.testng.reporters.JUnitReportReporter -->
<testsuite hostname="Narendra" failures="0" tests="5" name="YouTube.Admin" time="20.172" errors="0" timestamp="2022-02-15T12:37:05 IST" skipped="0">
  <testcase classname="YouTube.Admin" name="open" time="8.013"/>
  <system-out/>
  <testcase classname="YouTube.Admin" name="login" time="5.616"/>
  <system-out/>
  <testcase classname="YouTube.Admin" name="after" time="0.027"/>
  <system-out/>
  <testcase classname="YouTube.Admin" name="admin" time="6.486"/>
  <system-out/>
  <testcase classname="YouTube.Admin" name="search" time="0.030"/>
  <system-out/>
</testsuite> <!-- YouTube.Admin -->
