<?xml version="1.0" encoding="UTF-8"?>
<!-- Generated by org.testng.reporters.JUnitReportReporter -->
<testsuite hostname="Narendra" failures="0" tests="1" name="Yt.Ytlogin" time="5.184" errors="0" timestamp="2022-02-12T22:53:17 IST" skipped="0">
  <testcase classname="Yt.Ytlogin" name="f" time="5.184"/>
  <system-out/>
</testsuite> <!-- Yt.Ytlogin -->
