<?xml version="1.0" encoding="UTF-8"?>
<!-- Generated by org.testng.reporters.JUnitReportReporter -->
<testsuite hostname="Narendra" failures="0" tests="2" name="AssignmentConfig.Admin" time="4.775" errors="0" timestamp="2022-02-21T08:28:27 IST" skipped="0">
  <testcase classname="AssignmentConfig.Admin" name="admin" time="4.770"/>
  <system-out/>
  <testcase classname="AssignmentConfig.Admin" name="search" time="0.005"/>
  <system-out/>
</testsuite> <!-- AssignmentConfig.Admin -->
