<?xml version="1.0" encoding="UTF-8"?>
<!-- Generated by org.testng.reporters.JUnitReportReporter -->
<testsuite hostname="Narendra" failures="0" tests="1" name="A.A2" time="2.194" errors="0" timestamp="2022-02-22T15:54:38 IST" skipped="0">
  <testcase classname="A.A2" name="home" time="2.194"/>
  <system-out/>
</testsuite> <!-- A.A2 -->
