<?xml version="1.0" encoding="UTF-8"?>
<!-- Generated by org.testng.reporters.JUnitReportReporter -->
<testsuite hostname="Narendra" failures="0" tests="2" name="Assignment2.Search" time="11.699" errors="0" timestamp="2022-02-21T19:40:08 IST" skipped="0">
  <testcase classname="Assignment2.Search" name="login" time="3.950"/>
  <system-out/>
  <testcase classname="Assignment2.Search" name="search" time="7.749"/>
  <system-out/>
</testsuite> <!-- Assignment2.Search -->
