<?xml version="1.0" encoding="UTF-8"?>
<!-- Generated by org.testng.reporters.JUnitReportReporter -->
<testsuite hostname="Narendra" failures="0" tests="2" name="Default.Testng" time="9.721" errors="0" timestamp="2022-02-10T16:17:13 IST" skipped="0">
  <testcase classname="Default.Testng" name="login" time="5.001"/>
  <system-out/>
  <testcase classname="Default.Testng" name="assign" time="4.720"/>
  <system-out/>
</testsuite> <!-- Default.Testng -->
