<?xml version="1.0" encoding="UTF-8"?>
<!-- Generated by org.testng.reporters.JUnitReportReporter -->
<testsuite hostname="Narendra" failures="0" tests="3" name="AssignmentConfig.Login" time="9.510" errors="0" timestamp="2022-02-21T08:28:27 IST" skipped="0">
  <testcase classname="AssignmentConfig.Login" name="open" time="4.734"/>
  <system-out/>
  <testcase classname="AssignmentConfig.Login" name="login" time="4.766"/>
  <system-out/>
  <testcase classname="AssignmentConfig.Login" name="after" time="0.010"/>
  <system-out/>
</testsuite> <!-- AssignmentConfig.Login -->
