<?xml version="1.0" encoding="UTF-8"?>
<!-- Generated by org.testng.reporters.JUnitReportReporter -->
<testsuite hostname="Narendra" failures="0" tests="3" name="YouTube.LoginYou" time="13.084" errors="0" timestamp="2022-02-15T11:43:55 IST" skipped="0">
  <testcase classname="YouTube.LoginYou" name="open" time="7.739"/>
  <system-out/>
  <testcase classname="YouTube.LoginYou" name="login" time="5.304"/>
  <system-out/>
  <testcase classname="YouTube.LoginYou" name="after" time="0.041"/>
  <system-out/>
</testsuite> <!-- YouTube.LoginYou -->
