<?xml version="1.0" encoding="UTF-8"?>
<!-- Generated by org.testng.reporters.JUnitReportReporter -->
<testsuite hostname="Narendra" failures="0" tests="1" name="Assignment2.Excel1" time="0.644" errors="0" timestamp="2022-02-22T00:39:18 IST" skipped="0">
  <testcase classname="Assignment2.Excel1" name="read" time="0.644"/>
  <system-out/>
</testsuite> <!-- Assignment2.Excel1 -->
